<?xml version="1.0" encoding="UTF-8"?>
<!-- Generated by org.testng.reporters.JUnitReportReporter -->
<testsuite hostname="Malene" failures="0" tests="2" name="runners.TestRunner" time="357.628" errors="0" timestamp="2025-03-12T22:54:24 GMT" skipped="0">
  <testcase classname="runners.TestRunner" name="runScenario" time="251.674"/>
  <testcase classname="runners.TestRunner" name="runScenario" time="105.954"/>
</testsuite> <!-- runners.TestRunner -->
